

Started GET "/" for ::1 at 2021-03-10 23:37:10 -0500


Started GET "/movies" for ::1 at 2021-03-10 23:37:11 -0500
Processing by MoviesController#index as HTML
  [1m[36mMovie Load (0.5ms)[0m  [1mSELECT "movies".* FROM "movies"[0m
  Rendered movies/index.html.erb within layouts/application (15.6ms)
Completed 500 Internal Server Error in 53ms (ActiveRecord: 0.5ms)

ActionView::Template::Error (SQLite3::SQLException: no such table: movies: SELECT "movies".* FROM "movies"):
    13:     </tr>
    14:   </thead>
    15:   <tbody>
    16:     <% @movies.each do |movie| %>
    17:       <tr>
    18:         <td>
    19:           <%= movie.title %>
  app/views/movies/index.html.erb:16:in `_app_views_movies_index_html_erb__3573762210749874690_70208517763160'


  Rendered /Users/janelleponnor/.rbenv/versions/2.6.6/lib/ruby/gems/2.6.0/gems/actionpack-4.2.10/lib/action_dispatch/middleware/templates/rescues/_source.erb (3.1ms)
  Rendered /Users/janelleponnor/.rbenv/versions/2.6.6/lib/ruby/gems/2.6.0/gems/actionpack-4.2.10/lib/action_dispatch/middleware/templates/rescues/_trace.html.erb (1.7ms)
  Rendered /Users/janelleponnor/.rbenv/versions/2.6.6/lib/ruby/gems/2.6.0/gems/actionpack-4.2.10/lib/action_dispatch/middleware/templates/rescues/_request_and_response.html.erb (4.7ms)
  Rendered /Users/janelleponnor/.rbenv/versions/2.6.6/lib/ruby/gems/2.6.0/gems/actionpack-4.2.10/lib/action_dispatch/middleware/templates/rescues/template_error.html.erb within rescues/layout (20.2ms)


Started GET "/movies" for ::1 at 2021-03-10 23:38:31 -0500
Processing by MoviesController#index as HTML
  [1m[36mMovie Load (0.3ms)[0m  [1mSELECT "movies".* FROM "movies"[0m
  Rendered movies/index.html.erb within layouts/application (3.6ms)
Completed 500 Internal Server Error in 26ms (ActiveRecord: 0.3ms)

ActionView::Template::Error (SQLite3::SQLException: no such table: movies: SELECT "movies".* FROM "movies"):
    13:     </tr>
    14:   </thead>
    15:   <tbody>
    16:     <% @movies.each do |movie| %>
    17:       <tr>
    18:         <td>
    19:           <%= movie.title %>
  app/views/movies/index.html.erb:16:in `_app_views_movies_index_html_erb__997791742224726255_70204403363560'


  Rendered /Users/janelleponnor/.rbenv/versions/2.6.6/lib/ruby/gems/2.6.0/gems/actionpack-4.2.10/lib/action_dispatch/middleware/templates/rescues/_source.erb (3.6ms)
  Rendered /Users/janelleponnor/.rbenv/versions/2.6.6/lib/ruby/gems/2.6.0/gems/actionpack-4.2.10/lib/action_dispatch/middleware/templates/rescues/_trace.html.erb (1.5ms)
  Rendered /Users/janelleponnor/.rbenv/versions/2.6.6/lib/ruby/gems/2.6.0/gems/actionpack-4.2.10/lib/action_dispatch/middleware/templates/rescues/_request_and_response.html.erb (4.3ms)
  Rendered /Users/janelleponnor/.rbenv/versions/2.6.6/lib/ruby/gems/2.6.0/gems/actionpack-4.2.10/lib/action_dispatch/middleware/templates/rescues/template_error.html.erb within rescues/layout (16.4ms)
  [1m[36m (1.8ms)[0m  [1mCREATE TABLE "schema_migrations" ("version" varchar NOT NULL) [0m
  [1m[35m (0.1ms)[0m  select sqlite_version(*)
  [1m[36m (1.5ms)[0m  [1mCREATE UNIQUE INDEX "unique_schema_migrations" ON "schema_migrations" ("version")[0m
  [1m[35mActiveRecord::SchemaMigration Load (0.1ms)[0m  SELECT "schema_migrations".* FROM "schema_migrations"
Migrating to CreateMovies (20111119180638)
  [1m[36m (0.1ms)[0m  [1mbegin transaction[0m
DEPRECATION WARNING: `#timestamps` was called without specifying an option for `null`. In Rails 5, this behavior will change to `null: false`. You should manually specify `null: true` to prevent the behavior of your existing migrations from changing. (called from block in up at /Users/janelleponnor/Desktop/Schedulite/rottenpotatoes/db/migrate/20111119180638_create_movies.rb:10)
  [1m[35m (0.7ms)[0m  CREATE TABLE "movies" ("id" INTEGER PRIMARY KEY AUTOINCREMENT NOT NULL, "title" varchar, "rating" varchar, "description" text, "release_date" datetime, "created_at" datetime, "updated_at" datetime, "director" varchar) 
  [1m[36mSQL (0.2ms)[0m  [1mINSERT INTO "schema_migrations" ("version") VALUES (?)[0m  [["version", "20111119180638"]]
  [1m[35m (1.2ms)[0m  commit transaction
Migrating to AddDirectorToMovies (20210302220112)
  [1m[36m (0.0ms)[0m  [1mbegin transaction[0m
  [1m[35m (0.1ms)[0m  ALTER TABLE "movies" ADD "director" varchar
  [1m[36m (0.0ms)[0m  [1mrollback transaction[0m


Started GET "/movies" for ::1 at 2021-03-10 23:40:15 -0500
Processing by MoviesController#index as HTML
  [1m[36mMovie Load (1.2ms)[0m  [1mSELECT "movies".* FROM "movies"[0m
  Rendered movies/index.html.erb within layouts/application (19.1ms)
  Rendered layouts/_flash.erb (0.3ms)
Completed 200 OK in 312ms (Views: 295.5ms | ActiveRecord: 1.2ms)


Started GET "/assets/jquery.self-660adc51e0224b731d29f575a6f1ec167ba08ad06ed5deca4f1e8654c135bf4c.js?body=1" for ::1 at 2021-03-10 23:40:15 -0500


Started GET "/assets/jquery_ujs.self-e87806d0cf4489aeb1bb7288016024e8de67fd18db693fe026fe3907581e53cd.js?body=1" for ::1 at 2021-03-10 23:40:15 -0500


Started GET "/assets/application.self-377610cd7c1509e934744c810e3b4cf672dfbcacac3274e7d039827e2ae0fcc7.js?body=1" for ::1 at 2021-03-10 23:40:15 -0500


Started GET "/assets/application.self-e80e8f2318043e8af94dddc2adad5a4f09739a8ebb323b3ab31cd71d45fd9113.css?body=1" for ::1 at 2021-03-10 23:40:15 -0500
  [1m[36mActiveRecord::SchemaMigration Load (0.1ms)[0m  [1mSELECT "schema_migrations".* FROM "schema_migrations"[0m
Migrating to AddDirectorToMovies (20210302220112)
  [1m[35m (0.1ms)[0m  begin transaction
  [1m[36m (0.2ms)[0m  [1mALTER TABLE "movies" ADD "director" varchar[0m
  [1m[35m (0.0ms)[0m  rollback transaction


Started GET "/movies" for ::1 at 2021-03-10 23:43:13 -0500
Processing by MoviesController#index as HTML
  [1m[36mMovie Load (1.0ms)[0m  [1mSELECT "movies".* FROM "movies"[0m
  Rendered movies/index.html.erb within layouts/application (5.4ms)
  Rendered layouts/_flash.erb (6.9ms)
Completed 200 OK in 165ms (Views: 150.9ms | ActiveRecord: 1.1ms)


Started GET "/movies" for ::1 at 2021-03-10 23:43:15 -0500
Processing by MoviesController#index as HTML
  [1m[35mMovie Load (0.2ms)[0m  SELECT "movies".* FROM "movies"
  Rendered movies/index.html.erb within layouts/application (0.7ms)
  Rendered layouts/_flash.erb (0.0ms)
Completed 200 OK in 15ms (Views: 14.4ms | ActiveRecord: 0.2ms)
  [1m[36mActiveRecord::SchemaMigration Load (0.1ms)[0m  [1mSELECT "schema_migrations".* FROM "schema_migrations"[0m
  [1m[35mActiveRecord::SchemaMigration Load (0.0ms)[0m  SELECT "schema_migrations".* FROM "schema_migrations"
Migrating to CreateMovies (20111119180638)
  [1m[36m (0.0ms)[0m  [1mbegin transaction[0m
  [1m[35m (0.4ms)[0m  DROP TABLE "movies"
  [1m[36mSQL (0.2ms)[0m  [1mDELETE FROM "schema_migrations" WHERE "schema_migrations"."version" = ?[0m  [["version", "20111119180638"]]
  [1m[35m (1.2ms)[0m  commit transaction
  [1m[36mActiveRecord::SchemaMigration Load (0.1ms)[0m  [1mSELECT "schema_migrations".* FROM "schema_migrations"[0m


Started GET "/movies" for ::1 at 2021-03-10 23:43:48 -0500
Processing by MoviesController#index as HTML
  [1m[36mMovie Load (0.3ms)[0m  [1mSELECT "movies".* FROM "movies"[0m
  Rendered movies/index.html.erb within layouts/application (2.9ms)
Completed 500 Internal Server Error in 23ms (ActiveRecord: 0.3ms)

ActionView::Template::Error (SQLite3::SQLException: no such table: movies: SELECT "movies".* FROM "movies"):
    13:     </tr>
    14:   </thead>
    15:   <tbody>
    16:     <% @movies.each do |movie| %>
    17:       <tr>
    18:         <td>
    19:           <%= movie.title %>
  app/views/movies/index.html.erb:16:in `_app_views_movies_index_html_erb__4268812548491143565_70163921931600'


  Rendered /Users/janelleponnor/.rbenv/versions/2.6.6/lib/ruby/gems/2.6.0/gems/actionpack-4.2.10/lib/action_dispatch/middleware/templates/rescues/_source.erb (4.3ms)
  Rendered /Users/janelleponnor/.rbenv/versions/2.6.6/lib/ruby/gems/2.6.0/gems/actionpack-4.2.10/lib/action_dispatch/middleware/templates/rescues/_trace.html.erb (1.7ms)
  Rendered /Users/janelleponnor/.rbenv/versions/2.6.6/lib/ruby/gems/2.6.0/gems/actionpack-4.2.10/lib/action_dispatch/middleware/templates/rescues/_request_and_response.html.erb (4.6ms)
  Rendered /Users/janelleponnor/.rbenv/versions/2.6.6/lib/ruby/gems/2.6.0/gems/actionpack-4.2.10/lib/action_dispatch/middleware/templates/rescues/template_error.html.erb within rescues/layout (20.0ms)
  [1m[36mActiveRecord::SchemaMigration Load (0.1ms)[0m  [1mSELECT "schema_migrations".* FROM "schema_migrations"[0m
Migrating to CreateMovies (20111119180638)
  [1m[35m (0.0ms)[0m  begin transaction
DEPRECATION WARNING: `#timestamps` was called without specifying an option for `null`. In Rails 5, this behavior will change to `null: false`. You should manually specify `null: true` to prevent the behavior of your existing migrations from changing. (called from block in up at /Users/janelleponnor/Desktop/Schedulite/rottenpotatoes/db/migrate/20111119180638_create_movies.rb:11)
  [1m[36m (0.4ms)[0m  [1mCREATE TABLE "movies" ("id" INTEGER PRIMARY KEY AUTOINCREMENT NOT NULL, "course_num" varchar, "course_name" varchar, "professor" varchar, "requirement" varchar, "class_time" datetime, "created_at" datetime, "updated_at" datetime) [0m
  [1m[35mSQL (0.1ms)[0m  INSERT INTO "schema_migrations" ("version") VALUES (?)  [["version", "20111119180638"]]
  [1m[36m (1.6ms)[0m  [1mcommit transaction[0m
  [1m[35mActiveRecord::SchemaMigration Load (0.0ms)[0m  SELECT "schema_migrations".* FROM "schema_migrations"


Started GET "/movies" for ::1 at 2021-03-10 23:44:10 -0500
Processing by MoviesController#index as HTML
  [1m[36mMovie Load (1.0ms)[0m  [1mSELECT "movies".* FROM "movies"[0m
  Rendered movies/index.html.erb within layouts/application (5.6ms)
  Rendered layouts/_flash.erb (0.6ms)
Completed 200 OK in 169ms (Views: 152.7ms | ActiveRecord: 1.0ms)


Started GET "/movies" for ::1 at 2021-03-10 23:46:14 -0500
Processing by MoviesController#index as HTML
  [1m[36mMovie Load (0.9ms)[0m  [1mSELECT "movies".* FROM "movies"[0m
  Rendered movies/index.html.erb within layouts/application (5.2ms)
  Rendered layouts/_flash.erb (6.7ms)
Completed 200 OK in 165ms (Views: 149.9ms | ActiveRecord: 1.0ms)


Started GET "/movies" for ::1 at 2021-03-10 23:47:26 -0500
Processing by MoviesController#index as HTML
  [1m[35mMovie Load (0.2ms)[0m  SELECT "movies".* FROM "movies"
  Rendered movies/index.html.erb within layouts/application (1.6ms)
  Rendered layouts/_flash.erb (0.5ms)
Completed 200 OK in 17ms (Views: 16.8ms | ActiveRecord: 0.2ms)


Started GET "/movies" for ::1 at 2021-03-10 23:48:27 -0500
Processing by MoviesController#index as HTML
  [1m[36mMovie Load (0.2ms)[0m  [1mSELECT "movies".* FROM "movies"[0m
  Rendered movies/index.html.erb within layouts/application (1.6ms)
  Rendered layouts/_flash.erb (0.1ms)
Completed 200 OK in 19ms (Views: 19.0ms | ActiveRecord: 0.2ms)


Started GET "/movies" for ::1 at 2021-03-10 23:50:00 -0500
Processing by MoviesController#index as HTML
  [1m[35mMovie Load (0.2ms)[0m  SELECT "movies".* FROM "movies"
  Rendered movies/index.html.erb within layouts/application (1.7ms)
  Rendered layouts/_flash.erb (0.0ms)
Completed 200 OK in 20ms (Views: 20.0ms | ActiveRecord: 0.2ms)


Started GET "/movies" for ::1 at 2021-03-10 23:50:42 -0500
Processing by MoviesController#index as HTML
  [1m[36mMovie Load (0.2ms)[0m  [1mSELECT "movies".* FROM "movies"[0m
  Rendered movies/index.html.erb within layouts/application (1.4ms)
  Rendered layouts/_flash.erb (0.0ms)
Completed 200 OK in 20ms (Views: 19.2ms | ActiveRecord: 0.2ms)


Started GET "/movies" for ::1 at 2021-03-10 23:50:47 -0500
Processing by MoviesController#index as HTML
  [1m[35mMovie Load (0.2ms)[0m  SELECT "movies".* FROM "movies"
  Rendered movies/index.html.erb within layouts/application (0.8ms)
  Rendered layouts/_flash.erb (0.1ms)
Completed 200 OK in 9ms (Views: 9.0ms | ActiveRecord: 0.2ms)


Started GET "/movies" for ::1 at 2021-03-10 23:50:47 -0500
Processing by MoviesController#index as HTML
  [1m[36mMovie Load (0.2ms)[0m  [1mSELECT "movies".* FROM "movies"[0m
  Rendered movies/index.html.erb within layouts/application (0.6ms)
  Rendered layouts/_flash.erb (0.1ms)
Completed 200 OK in 10ms (Views: 9.7ms | ActiveRecord: 0.2ms)


Started GET "/movies" for ::1 at 2021-03-10 23:51:07 -0500
Processing by MoviesController#index as HTML
  [1m[35mMovie Load (0.3ms)[0m  SELECT "movies".* FROM "movies"
  Rendered movies/index.html.erb within layouts/application (0.9ms)
  Rendered layouts/_flash.erb (0.1ms)
Completed 200 OK in 10ms (Views: 9.3ms | ActiveRecord: 0.3ms)


Started GET "/movies" for ::1 at 2021-03-10 23:51:08 -0500
Processing by MoviesController#index as HTML
  [1m[36mMovie Load (0.2ms)[0m  [1mSELECT "movies".* FROM "movies"[0m
  Rendered movies/index.html.erb within layouts/application (0.6ms)
  Rendered layouts/_flash.erb (0.1ms)
Completed 200 OK in 25ms (Views: 24.6ms | ActiveRecord: 0.2ms)


Started GET "/movies" for ::1 at 2021-03-10 23:52:30 -0500
Processing by MoviesController#index as HTML
  [1m[35mMovie Load (0.2ms)[0m  SELECT "movies".* FROM "movies"
  Rendered movies/index.html.erb within layouts/application (2.5ms)
  Rendered layouts/_flash.erb (0.0ms)
Completed 200 OK in 29ms (Views: 28.7ms | ActiveRecord: 0.2ms)


Started GET "/movies" for ::1 at 2021-03-10 23:52:42 -0500
Processing by MoviesController#index as HTML
  [1m[36mMovie Load (0.2ms)[0m  [1mSELECT "movies".* FROM "movies"[0m
  Rendered movies/index.html.erb within layouts/application (0.7ms)
  Rendered layouts/_flash.erb (0.1ms)
Completed 200 OK in 10ms (Views: 9.6ms | ActiveRecord: 0.2ms)


Started GET "/movies" for ::1 at 2021-03-10 23:52:42 -0500
Processing by MoviesController#index as HTML
  [1m[35mMovie Load (0.2ms)[0m  SELECT "movies".* FROM "movies"
  Rendered movies/index.html.erb within layouts/application (0.6ms)
  Rendered layouts/_flash.erb (0.1ms)
Completed 200 OK in 11ms (Views: 10.4ms | ActiveRecord: 0.2ms)


Started GET "/movies" for ::1 at 2021-03-10 23:52:43 -0500
Processing by MoviesController#index as HTML
  [1m[36mMovie Load (0.2ms)[0m  [1mSELECT "movies".* FROM "movies"[0m
  Rendered movies/index.html.erb within layouts/application (0.6ms)
  Rendered layouts/_flash.erb (0.1ms)
Completed 200 OK in 11ms (Views: 10.8ms | ActiveRecord: 0.2ms)


Started GET "/movies" for ::1 at 2021-03-10 23:52:43 -0500
Processing by MoviesController#index as HTML
  [1m[35mMovie Load (0.2ms)[0m  SELECT "movies".* FROM "movies"
  Rendered movies/index.html.erb within layouts/application (1.1ms)
  Rendered layouts/_flash.erb (0.0ms)
Completed 200 OK in 12ms (Views: 11.4ms | ActiveRecord: 0.2ms)


Started GET "/movies" for ::1 at 2021-03-10 23:53:20 -0500
Processing by MoviesController#index as HTML
  [1m[36mMovie Load (0.2ms)[0m  [1mSELECT "movies".* FROM "movies"[0m
  Rendered movies/index.html.erb within layouts/application (0.6ms)
  Rendered layouts/_flash.erb (0.1ms)
Completed 200 OK in 11ms (Views: 10.3ms | ActiveRecord: 0.2ms)
  [1m[36mActiveRecord::SchemaMigration Load (0.1ms)[0m  [1mSELECT "schema_migrations".* FROM "schema_migrations"[0m
  [1m[36mActiveRecord::SchemaMigration Load (0.1ms)[0m  [1mSELECT "schema_migrations".* FROM "schema_migrations"[0m


Started GET "/movies" for ::1 at 2021-03-11 00:12:21 -0500
Processing by MoviesController#index as HTML
  [1m[35mMovie Load (0.2ms)[0m  SELECT "movies".* FROM "movies"
  Rendered movies/index.html.erb within layouts/application (1.4ms)
  Rendered layouts/_flash.erb (0.0ms)
Completed 200 OK in 10ms (Views: 9.1ms | ActiveRecord: 0.3ms)


Started GET "/movies" for ::1 at 2021-03-11 00:12:22 -0500
Processing by MoviesController#index as HTML
  [1m[36mMovie Load (0.2ms)[0m  [1mSELECT "movies".* FROM "movies"[0m
  Rendered movies/index.html.erb within layouts/application (0.6ms)
  Rendered layouts/_flash.erb (0.0ms)
Completed 200 OK in 8ms (Views: 7.2ms | ActiveRecord: 0.2ms)
  [1m[36mActiveRecord::SchemaMigration Load (0.1ms)[0m  [1mSELECT "schema_migrations".* FROM "schema_migrations"[0m
  [1m[36mActiveRecord::SchemaMigration Load (0.1ms)[0m  [1mSELECT "schema_migrations".* FROM "schema_migrations"[0m
  [1m[36mActiveRecord::SchemaMigration Load (0.1ms)[0m  [1mSELECT "schema_migrations".* FROM "schema_migrations"[0m
  [1m[36mActiveRecord::SchemaMigration Load (0.1ms)[0m  [1mSELECT "schema_migrations".* FROM "schema_migrations"[0m
  [1m[36mActiveRecord::SchemaMigration Load (0.1ms)[0m  [1mSELECT "schema_migrations".* FROM "schema_migrations"[0m
  [1m[36mActiveRecord::SchemaMigration Load (0.1ms)[0m  [1mSELECT "schema_migrations".* FROM "schema_migrations"[0m
  [1m[36mActiveRecord::SchemaMigration Load (0.1ms)[0m  [1mSELECT "schema_migrations".* FROM "schema_migrations"[0m
  [1m[35mActiveRecord::SchemaMigration Load (0.0ms)[0m  SELECT "schema_migrations".* FROM "schema_migrations"
Migrating to CreateMovies (20111119180638)
  [1m[36m (0.0ms)[0m  [1mbegin transaction[0m
  [1m[35m (0.4ms)[0m  DROP TABLE "movies"
  [1m[36mSQL (0.1ms)[0m  [1mDELETE FROM "schema_migrations" WHERE "schema_migrations"."version" = ?[0m  [["version", "20111119180638"]]
  [1m[35m (1.9ms)[0m  commit transaction
  [1m[36mActiveRecord::SchemaMigration Load (0.0ms)[0m  [1mSELECT "schema_migrations".* FROM "schema_migrations"[0m


Started GET "/movies" for ::1 at 2021-03-11 00:21:24 -0500
Processing by MoviesController#index as HTML
  [1m[35mMovie Load (0.3ms)[0m  SELECT "movies".* FROM "movies"
  Rendered movies/index.html.erb within layouts/application (2.7ms)
Completed 500 Internal Server Error in 8ms (ActiveRecord: 0.3ms)

ActionView::Template::Error (SQLite3::SQLException: no such table: movies: SELECT "movies".* FROM "movies"):
    13:     </tr>
    14:   </thead>
    15:   <tbody>
    16:     <% @movies.each do |movie| %>
    17:       <tr>
    18:         <td>
    19:           <%= movie.course_num %>
  app/views/movies/index.html.erb:16:in `_app_views_movies_index_html_erb___3240181146116304127_70160204427600'


  Rendered /Users/janelleponnor/.rbenv/versions/2.6.6/lib/ruby/gems/2.6.0/gems/actionpack-4.2.10/lib/action_dispatch/middleware/templates/rescues/_source.erb (3.1ms)
  Rendered /Users/janelleponnor/.rbenv/versions/2.6.6/lib/ruby/gems/2.6.0/gems/actionpack-4.2.10/lib/action_dispatch/middleware/templates/rescues/_trace.html.erb (1.4ms)
  Rendered /Users/janelleponnor/.rbenv/versions/2.6.6/lib/ruby/gems/2.6.0/gems/actionpack-4.2.10/lib/action_dispatch/middleware/templates/rescues/_request_and_response.html.erb (0.6ms)
  Rendered /Users/janelleponnor/.rbenv/versions/2.6.6/lib/ruby/gems/2.6.0/gems/actionpack-4.2.10/lib/action_dispatch/middleware/templates/rescues/template_error.html.erb within rescues/layout (11.3ms)
  [1m[36mActiveRecord::SchemaMigration Load (0.1ms)[0m  [1mSELECT "schema_migrations".* FROM "schema_migrations"[0m
Migrating to CreateMovies (20111119180638)
  [1m[35m (0.0ms)[0m  begin transaction
DEPRECATION WARNING: `#timestamps` was called without specifying an option for `null`. In Rails 5, this behavior will change to `null: false`. You should manually specify `null: true` to prevent the behavior of your existing migrations from changing. (called from block in up at /Users/janelleponnor/Desktop/Schedulite/rottenpotatoes/db/migrate/20111119180638_create_movies.rb:12)
  [1m[36m (0.4ms)[0m  [1mCREATE TABLE "movies" ("id" INTEGER PRIMARY KEY AUTOINCREMENT NOT NULL, "course_num" varchar, "dept" varchar, "course_name" varchar, "professor" varchar, "requirement" varchar, "course_time" varchar, "created_at" datetime, "updated_at" datetime) [0m
  [1m[35mSQL (0.2ms)[0m  INSERT INTO "schema_migrations" ("version") VALUES (?)  [["version", "20111119180638"]]
  [1m[36m (0.9ms)[0m  [1mcommit transaction[0m
  [1m[35mActiveRecord::SchemaMigration Load (0.1ms)[0m  SELECT "schema_migrations".* FROM "schema_migrations"


Started GET "/movies" for ::1 at 2021-03-11 00:21:43 -0500
Processing by MoviesController#index as HTML
  [1m[36mMovie Load (0.2ms)[0m  [1mSELECT "movies".* FROM "movies"[0m
  Rendered movies/index.html.erb within layouts/application (0.9ms)
  Rendered layouts/_flash.erb (0.0ms)
Completed 200 OK in 10ms (Views: 8.7ms | ActiveRecord: 0.3ms)
  [1m[36mActiveRecord::SchemaMigration Load (0.1ms)[0m  [1mSELECT "schema_migrations".* FROM "schema_migrations"[0m
  [1m[35m (0.0ms)[0m  begin transaction
  [1m[36mSQL (0.4ms)[0m  [1mINSERT INTO "movies" ("course_num", "dept", "course_name", "professor", "requirement", "course_time", "created_at", "updated_at") VALUES (?, ?, ?, ?, ?, ?, ?, ?)[0m  [["course_num", "COMS W1004"], ["dept", "Computer Science"], ["course_name", "Intro to Computer Science"], ["professor", "Adam Cannon"], ["requirement", "Major Core"], ["course_time", "TR 4:10pm-5:25pm"], ["created_at", "2021-03-11 05:21:48.444363"], ["updated_at", "2021-03-11 05:21:48.444363"]]
  [1m[35m (1.7ms)[0m  commit transaction
  [1m[36m (0.1ms)[0m  [1mbegin transaction[0m
  [1m[35mSQL (0.4ms)[0m  INSERT INTO "movies" ("course_num", "dept", "course_name", "professor", "requirement", "course_time", "created_at", "updated_at") VALUES (?, ?, ?, ?, ?, ?, ?, ?)  [["course_num", "COMS W3107"], ["dept", "Computer Science"], ["course_name", "Clean Object-Oriented Design"], ["professor", "John Kender"], ["requirement", "General Technical Requirement"], ["course_time", "MW 1:10pm-2:25pm"], ["created_at", "2021-03-11 05:21:48.447687"], ["updated_at", "2021-03-11 05:21:48.447687"]]
  [1m[36m (1.1ms)[0m  [1mcommit transaction[0m
  [1m[35m (0.0ms)[0m  begin transaction
  [1m[36mSQL (0.2ms)[0m  [1mINSERT INTO "movies" ("course_num", "dept", "course_name", "professor", "requirement", "course_time", "created_at", "updated_at") VALUES (?, ?, ?, ?, ?, ?, ?, ?)[0m  [["course_num", "COMS W3134"], ["dept", "Computer Science"], ["course_name", "Data Structures in Java"], ["professor", "Paul Blaer"], ["requirement", "Major Core"], ["course_time", "MW 5:40pm-6:55pm"], ["created_at", "2021-03-11 05:21:48.450050"], ["updated_at", "2021-03-11 05:21:48.450050"]]
  [1m[35m (0.9ms)[0m  commit transaction
  [1m[36m (0.0ms)[0m  [1mbegin transaction[0m
  [1m[35mSQL (0.2ms)[0m  INSERT INTO "movies" ("course_num", "dept", "course_name", "professor", "requirement", "course_time", "created_at", "updated_at") VALUES (?, ?, ?, ?, ?, ?, ?, ?)  [["course_num", "COMS W4771"], ["dept", "Computer Science"], ["course_name", "Machine Learning"], ["professor", "Nakul Verma"], ["requirement", "Track Course"], ["course_time", "TR 1:10pm-2:25pm"], ["created_at", "2021-03-11 05:21:48.451774"], ["updated_at", "2021-03-11 05:21:48.451774"]]
  [1m[36m (1.1ms)[0m  [1mcommit transaction[0m
  [1m[35m (0.0ms)[0m  begin transaction
  [1m[36mSQL (0.2ms)[0m  [1mINSERT INTO "movies" ("course_num", "dept", "course_name", "professor", "requirement", "course_time", "created_at", "updated_at") VALUES (?, ?, ?, ?, ?, ?, ?, ?)[0m  [["course_num", "COMS W4995"], ["dept", "Computer Science"], ["course_name", "Topics in Computer Science: Applied Deep Learning"], ["professor", "Joshua B Gordon"], ["requirement", "General Technical Elective"], ["course_time", "R 7:00pm-9:30pm"], ["created_at", "2021-03-11 05:21:48.453684"], ["updated_at", "2021-03-11 05:21:48.453684"]]
  [1m[35m (0.8ms)[0m  commit transaction


Started GET "/movies" for ::1 at 2021-03-11 00:21:51 -0500
Processing by MoviesController#index as HTML
  [1m[35mMovie Load (0.2ms)[0m  SELECT "movies".* FROM "movies"
  Rendered movies/index.html.erb within layouts/application (10.2ms)
Completed 500 Internal Server Error in 12ms (ActiveRecord: 0.4ms)

ActionView::Template::Error (undefined method `title' for #<Movie:0x00007f9ee4a4f210>):
    34: 	  <%= movie.course_time%>
    35: 	</td>
    36: 	<td>
    37:           <%= link_to "More about #{movie.title}", movie_path(movie) %>
    38:         </td>
    39:       </tr>
    40:     <% end %>
  app/views/movies/index.html.erb:37:in `block in _app_views_movies_index_html_erb___3240181146116304127_70160204427600'
  app/views/movies/index.html.erb:16:in `_app_views_movies_index_html_erb___3240181146116304127_70160204427600'


  Rendered /Users/janelleponnor/.rbenv/versions/2.6.6/lib/ruby/gems/2.6.0/gems/actionpack-4.2.10/lib/action_dispatch/middleware/templates/rescues/_source.erb (18.4ms)
  Rendered /Users/janelleponnor/.rbenv/versions/2.6.6/lib/ruby/gems/2.6.0/gems/actionpack-4.2.10/lib/action_dispatch/middleware/templates/rescues/_trace.html.erb (1.9ms)
  Rendered /Users/janelleponnor/.rbenv/versions/2.6.6/lib/ruby/gems/2.6.0/gems/actionpack-4.2.10/lib/action_dispatch/middleware/templates/rescues/_request_and_response.html.erb (0.7ms)
  Rendered /Users/janelleponnor/.rbenv/versions/2.6.6/lib/ruby/gems/2.6.0/gems/actionpack-4.2.10/lib/action_dispatch/middleware/templates/rescues/template_error.html.erb within rescues/layout (28.1ms)


Started GET "/movies" for ::1 at 2021-03-11 00:22:57 -0500
Processing by MoviesController#index as HTML
  [1m[36mMovie Load (0.2ms)[0m  [1mSELECT "movies".* FROM "movies"[0m
  Rendered movies/index.html.erb within layouts/application (1.4ms)
  Rendered layouts/_flash.erb (0.1ms)
Completed 200 OK in 9ms (Views: 9.0ms | ActiveRecord: 0.2ms)


Started GET "/" for 124.123.185.199 at 2021-03-13 08:18:41 +0000


Started GET "/movies" for 124.123.185.199 at 2021-03-13 08:18:42 +0000
Processing by MoviesController#index as HTML
  [1m[36mMovie Load (1.0ms)[0m  [1mSELECT "movies".* FROM "movies"[0m
  Rendered movies/index.html.erb within layouts/application (9.9ms)
  Rendered layouts/_flash.erb (0.3ms)
Completed 200 OK in 352ms (Views: 321.8ms | ActiveRecord: 1.4ms)


Started GET "/assets/jquery_ujs.self-e87806d0cf4489aeb1bb7288016024e8de67fd18db693fe026fe3907581e53cd.js?body=1" for 124.123.185.199 at 2021-03-13 08:18:42 +0000


Started GET "/assets/application.self-377610cd7c1509e934744c810e3b4cf672dfbcacac3274e7d039827e2ae0fcc7.js?body=1" for 124.123.185.199 at 2021-03-13 08:18:42 +0000


Started GET "/assets/jquery.self-660adc51e0224b731d29f575a6f1ec167ba08ad06ed5deca4f1e8654c135bf4c.js?body=1" for 124.123.185.199 at 2021-03-13 08:18:42 +0000


Started GET "/assets/application.self-e80e8f2318043e8af94dddc2adad5a4f09739a8ebb323b3ab31cd71d45fd9113.css?body=1" for 124.123.185.199 at 2021-03-13 08:18:42 +0000
  [1m[36mActiveRecord::SchemaMigration Load (0.1ms)[0m  [1mSELECT "schema_migrations".* FROM "schema_migrations"[0m
  [1m[35mActiveRecord::SchemaMigration Load (0.1ms)[0m  SELECT "schema_migrations".* FROM "schema_migrations"
  [1m[36mActiveRecord::SchemaMigration Load (0.1ms)[0m  [1mSELECT "schema_migrations".* FROM "schema_migrations"[0m
  [1m[35m (0.0ms)[0m  begin transaction
  [1m[36mSQL (0.3ms)[0m  [1mINSERT INTO "movies" ("course_num", "dept", "course_name", "professor", "requirement", "course_time", "created_at", "updated_at") VALUES (?, ?, ?, ?, ?, ?, ?, ?)[0m  [["course_num", "COMS W1004"], ["dept", "Computer Science"], ["course_name", "Intro to Computer Science"], ["professor", "Adam Cannon"], ["requirement", "Major Core"], ["course_time", "TR 4:10pm-5:25pm"], ["created_at", "2021-03-13 08:49:09.022146"], ["updated_at", "2021-03-13 08:49:09.022146"]]
  [1m[35m (99.4ms)[0m  commit transaction
  [1m[36m (0.0ms)[0m  [1mbegin transaction[0m
  [1m[35mSQL (0.2ms)[0m  INSERT INTO "movies" ("course_num", "dept", "course_name", "professor", "requirement", "course_time", "created_at", "updated_at") VALUES (?, ?, ?, ?, ?, ?, ?, ?)  [["course_num", "COMS W3107"], ["dept", "Computer Science"], ["course_name", "Clean Object-Oriented Design"], ["professor", "John Kender"], ["requirement", "General Technical Requirement"], ["course_time", "MW 1:10pm-2:25pm"], ["created_at", "2021-03-13 08:49:09.123223"], ["updated_at", "2021-03-13 08:49:09.123223"]]
  [1m[36m (103.0ms)[0m  [1mcommit transaction[0m
  [1m[35m (0.1ms)[0m  begin transaction
  [1m[36mSQL (0.2ms)[0m  [1mINSERT INTO "movies" ("course_num", "dept", "course_name", "professor", "requirement", "course_time", "created_at", "updated_at") VALUES (?, ?, ?, ?, ?, ?, ?, ?)[0m  [["course_num", "COMS W3134"], ["dept", "Computer Science"], ["course_name", "Data Structures in Java"], ["professor", "Paul Blaer"], ["requirement", "Major Core"], ["course_time", "MW 5:40pm-6:55pm"], ["created_at", "2021-03-13 08:49:09.227712"], ["updated_at", "2021-03-13 08:49:09.227712"]]
  [1m[35m (95.9ms)[0m  commit transaction
  [1m[36m (0.0ms)[0m  [1mbegin transaction[0m
  [1m[35mSQL (0.2ms)[0m  INSERT INTO "movies" ("course_num", "dept", "course_name", "professor", "requirement", "course_time", "created_at", "updated_at") VALUES (?, ?, ?, ?, ?, ?, ?, ?)  [["course_num", "COMS W4771"], ["dept", "Computer Science"], ["course_name", "Machine Learning"], ["professor", "Nakul Verma"], ["requirement", "Track Course"], ["course_time", "TR 1:10pm-2:25pm"], ["created_at", "2021-03-13 08:49:09.325072"], ["updated_at", "2021-03-13 08:49:09.325072"]]
  [1m[36m (96.4ms)[0m  [1mcommit transaction[0m
  [1m[35m (0.1ms)[0m  begin transaction
  [1m[36mSQL (0.3ms)[0m  [1mINSERT INTO "movies" ("course_num", "dept", "course_name", "professor", "requirement", "course_time", "created_at", "updated_at") VALUES (?, ?, ?, ?, ?, ?, ?, ?)[0m  [["course_num", "COMS W4995"], ["dept", "Computer Science"], ["course_name", "Topics in Computer Science: Applied Deep Learning"], ["professor", "Joshua B Gordon"], ["requirement", "General Technical Elective"], ["course_time", "R 7:00pm-9:30pm"], ["created_at", "2021-03-13 08:49:09.423081"], ["updated_at", "2021-03-13 08:49:09.423081"]]
  [1m[35m (123.9ms)[0m  commit transaction
  [1m[36mActiveRecord::SchemaMigration Load (0.1ms)[0m  [1mSELECT "schema_migrations".* FROM "schema_migrations"[0m
  [1m[35m (0.0ms)[0m  begin transaction
  [1m[36mSQL (0.3ms)[0m  [1mINSERT INTO "movies" ("course_num", "dept", "course_name", "professor", "requirement", "course_time", "created_at", "updated_at") VALUES (?, ?, ?, ?, ?, ?, ?, ?)[0m  [["course_num", "COMS W1004"], ["dept", "Computer Science"], ["course_name", "Intro to Computer Science"], ["professor", "Adam Cannon"], ["requirement", "Major Core"], ["course_time", "TR 4:10pm-5:25pm"], ["created_at", "2021-03-13 08:51:24.610322"], ["updated_at", "2021-03-13 08:51:24.610322"]]
  [1m[35m (99.9ms)[0m  commit transaction
  [1m[36m (0.1ms)[0m  [1mbegin transaction[0m
  [1m[35mSQL (0.3ms)[0m  INSERT INTO "movies" ("course_num", "dept", "course_name", "professor", "requirement", "course_time", "created_at", "updated_at") VALUES (?, ?, ?, ?, ?, ?, ?, ?)  [["course_num", "COMS W3107"], ["dept", "Computer Science"], ["course_name", "Clean Object-Oriented Design"], ["professor", "John Kender"], ["requirement", "General Technical Requirement"], ["course_time", "MW 1:10pm-2:25pm"], ["created_at", "2021-03-13 08:51:24.712125"], ["updated_at", "2021-03-13 08:51:24.712125"]]
  [1m[36m (98.4ms)[0m  [1mcommit transaction[0m
  [1m[35m (0.1ms)[0m  begin transaction
  [1m[36mSQL (0.3ms)[0m  [1mINSERT INTO "movies" ("course_num", "dept", "course_name", "professor", "requirement", "course_time", "created_at", "updated_at") VALUES (?, ?, ?, ?, ?, ?, ?, ?)[0m  [["course_num", "COMS W3134"], ["dept", "Computer Science"], ["course_name", "Data Structures in Java"], ["professor", "Paul Blaer"], ["requirement", "Major Core"], ["course_time", "MW 5:40pm-6:55pm"], ["created_at", "2021-03-13 08:51:24.812420"], ["updated_at", "2021-03-13 08:51:24.812420"]]
  [1m[35m (98.7ms)[0m  commit transaction
  [1m[36m (0.1ms)[0m  [1mbegin transaction[0m
  [1m[35mSQL (0.2ms)[0m  INSERT INTO "movies" ("course_num", "dept", "course_name", "professor", "requirement", "course_time", "created_at", "updated_at") VALUES (?, ?, ?, ?, ?, ?, ?, ?)  [["course_num", "COMS W4771"], ["dept", "Computer Science"], ["course_name", "Machine Learning"], ["professor", "Nakul Verma"], ["requirement", "Track Course"], ["course_time", "TR 1:10pm-2:25pm"], ["created_at", "2021-03-13 08:51:24.914935"], ["updated_at", "2021-03-13 08:51:24.914935"]]
  [1m[36m (100.8ms)[0m  [1mcommit transaction[0m
  [1m[35m (0.1ms)[0m  begin transaction
  [1m[36mSQL (0.3ms)[0m  [1mINSERT INTO "movies" ("course_num", "dept", "course_name", "professor", "requirement", "course_time", "created_at", "updated_at") VALUES (?, ?, ?, ?, ?, ?, ?, ?)[0m  [["course_num", "COMS W4995"], ["dept", "Computer Science"], ["course_name", "Topics in Computer Science: Applied Deep Learning"], ["professor", "Joshua B Gordon"], ["requirement", "General Technical Elective"], ["course_time", "R 7:00pm-9:30pm"], ["created_at", "2021-03-13 08:51:25.017711"], ["updated_at", "2021-03-13 08:51:25.017711"]]
  [1m[35m (91.4ms)[0m  commit transaction
  [1m[36mActiveRecord::SchemaMigration Load (0.1ms)[0m  [1mSELECT "schema_migrations".* FROM "schema_migrations"[0m
  [1m[35mActiveRecord::SchemaMigration Load (0.1ms)[0m  SELECT "schema_migrations".* FROM "schema_migrations"
  [1m[36mActiveRecord::SchemaMigration Load (0.1ms)[0m  [1mSELECT "schema_migrations".* FROM "schema_migrations"[0m
  [1m[35m (0.0ms)[0m  begin transaction
  [1m[36mSQL (0.3ms)[0m  [1mINSERT INTO "movies" ("course_num", "dept", "course_name", "professor", "requirement", "course_time", "created_at", "updated_at") VALUES (?, ?, ?, ?, ?, ?, ?, ?)[0m  [["course_num", "COMS W1004"], ["dept", "Computer Science"], ["course_name", "Intro to Computer Science"], ["professor", "Adam Cannon"], ["requirement", "Major Core"], ["course_time", "TR 4:10pm-5:25pm"], ["created_at", "2021-03-13 08:52:33.153220"], ["updated_at", "2021-03-13 08:52:33.153220"]]
  [1m[35m (99.1ms)[0m  commit transaction
  [1m[36m (0.0ms)[0m  [1mbegin transaction[0m
  [1m[35mSQL (0.2ms)[0m  INSERT INTO "movies" ("course_num", "dept", "course_name", "professor", "requirement", "course_time", "created_at", "updated_at") VALUES (?, ?, ?, ?, ?, ?, ?, ?)  [["course_num", "COMS W3107"], ["dept", "Computer Science"], ["course_name", "Clean Object-Oriented Design"], ["professor", "John Kender"], ["requirement", "General Technical Requirement"], ["course_time", "MW 1:10pm-2:25pm"], ["created_at", "2021-03-13 08:52:33.253997"], ["updated_at", "2021-03-13 08:52:33.253997"]]
  [1m[36m (94.4ms)[0m  [1mcommit transaction[0m
  [1m[35m (0.1ms)[0m  begin transaction
  [1m[36mSQL (0.3ms)[0m  [1mINSERT INTO "movies" ("course_num", "dept", "course_name", "professor", "requirement", "course_time", "created_at", "updated_at") VALUES (?, ?, ?, ?, ?, ?, ?, ?)[0m  [["course_num", "COMS W3134"], ["dept", "Computer Science"], ["course_name", "Data Structures in Java"], ["professor", "Paul Blaer"], ["requirement", "Major Core"], ["course_time", "MW 5:40pm-6:55pm"], ["created_at", "2021-03-13 08:52:33.349936"], ["updated_at", "2021-03-13 08:52:33.349936"]]
  [1m[35m (101.3ms)[0m  commit transaction
  [1m[36m (0.1ms)[0m  [1mbegin transaction[0m
  [1m[35mSQL (0.3ms)[0m  INSERT INTO "movies" ("course_num", "dept", "course_name", "professor", "requirement", "course_time", "created_at", "updated_at") VALUES (?, ?, ?, ?, ?, ?, ?, ?)  [["course_num", "COMS W4771"], ["dept", "Computer Science"], ["course_name", "Machine Learning"], ["professor", "Nakul Verma"], ["requirement", "Track Course"], ["course_time", "TR 1:10pm-2:25pm"], ["created_at", "2021-03-13 08:52:33.453155"], ["updated_at", "2021-03-13 08:52:33.453155"]]
  [1m[36m (102.3ms)[0m  [1mcommit transaction[0m
  [1m[35m (0.1ms)[0m  begin transaction
  [1m[36mSQL (0.2ms)[0m  [1mINSERT INTO "movies" ("course_num", "dept", "course_name", "professor", "requirement", "course_time", "created_at", "updated_at") VALUES (?, ?, ?, ?, ?, ?, ?, ?)[0m  [["course_num", "COMS W4995"], ["dept", "Computer Science"], ["course_name", "Topics in Computer Science: Applied Deep Learning"], ["professor", "Joshua B Gordon"], ["requirement", "General Technical Elective"], ["course_time", "R 7:00pm-9:30pm"], ["created_at", "2021-03-13 08:52:33.557286"], ["updated_at", "2021-03-13 08:52:33.557286"]]
  [1m[35m (101.4ms)[0m  commit transaction
  [1m[36mActiveRecord::SchemaMigration Load (0.1ms)[0m  [1mSELECT "schema_migrations".* FROM "schema_migrations"[0m
  [1m[35mActiveRecord::SchemaMigration Load (0.0ms)[0m  SELECT "schema_migrations".* FROM "schema_migrations"
  [1m[36mActiveRecord::SchemaMigration Load (0.1ms)[0m  [1mSELECT "schema_migrations".* FROM "schema_migrations"[0m
  [1m[35m (0.1ms)[0m  begin transaction
  [1m[36mSQL (0.4ms)[0m  [1mINSERT INTO "movies" ("course_num", "dept", "course_name", "professor", "requirement", "course_time", "created_at", "updated_at") VALUES (?, ?, ?, ?, ?, ?, ?, ?)[0m  [["course_num", "COMS W1004"], ["dept", "Computer Science"], ["course_name", "Intro to Computer Science"], ["professor", "Adam Cannon"], ["requirement", "Major Core"], ["course_time", "TR 4:10pm-5:25pm"], ["created_at", "2021-03-13 08:55:11.017809"], ["updated_at", "2021-03-13 08:55:11.017809"]]
  [1m[35m (101.0ms)[0m  commit transaction
  [1m[36m (0.0ms)[0m  [1mbegin transaction[0m
  [1m[35mSQL (0.2ms)[0m  INSERT INTO "movies" ("course_num", "dept", "course_name", "professor", "requirement", "course_time", "created_at", "updated_at") VALUES (?, ?, ?, ?, ?, ?, ?, ?)  [["course_num", "COMS W3107"], ["dept", "Computer Science"], ["course_name", "Clean Object-Oriented Design"], ["professor", "John Kender"], ["requirement", "General Technical Requirement"], ["course_time", "MW 1:10pm-2:25pm"], ["created_at", "2021-03-13 08:55:11.120978"], ["updated_at", "2021-03-13 08:55:11.120978"]]
  [1m[36m (89.9ms)[0m  [1mcommit transaction[0m
  [1m[35m (0.1ms)[0m  begin transaction
  [1m[36mSQL (0.2ms)[0m  [1mINSERT INTO "movies" ("course_num", "dept", "course_name", "professor", "requirement", "course_time", "created_at", "updated_at") VALUES (?, ?, ?, ?, ?, ?, ?, ?)[0m  [["course_num", "COMS W3134"], ["dept", "Computer Science"], ["course_name", "Data Structures in Java"], ["professor", "Paul Blaer"], ["requirement", "Major Core"], ["course_time", "MW 5:40pm-6:55pm"], ["created_at", "2021-03-13 08:55:11.212291"], ["updated_at", "2021-03-13 08:55:11.212291"]]
  [1m[35m (96.6ms)[0m  commit transaction
  [1m[36m (0.1ms)[0m  [1mbegin transaction[0m
  [1m[35mSQL (0.2ms)[0m  INSERT INTO "movies" ("course_num", "dept", "course_name", "professor", "requirement", "course_time", "created_at", "updated_at") VALUES (?, ?, ?, ?, ?, ?, ?, ?)  [["course_num", "COMS W4771"], ["dept", "Computer Science"], ["course_name", "Machine Learning"], ["professor", "Nakul Verma"], ["requirement", "Track Course"], ["course_time", "TR 1:10pm-2:25pm"], ["created_at", "2021-03-13 08:55:11.310270"], ["updated_at", "2021-03-13 08:55:11.310270"]]
  [1m[36m (116.7ms)[0m  [1mcommit transaction[0m
  [1m[35m (0.1ms)[0m  begin transaction
  [1m[36mSQL (0.3ms)[0m  [1mINSERT INTO "movies" ("course_num", "dept", "course_name", "professor", "requirement", "course_time", "created_at", "updated_at") VALUES (?, ?, ?, ?, ?, ?, ?, ?)[0m  [["course_num", "COMS W4995"], ["dept", "Computer Science"], ["course_name", "Topics in Computer Science: Applied Deep Learning"], ["professor", "Joshua B Gordon"], ["requirement", "General Technical Elective"], ["course_time", "R 7:00pm-9:30pm"], ["created_at", "2021-03-13 08:55:11.428727"], ["updated_at", "2021-03-13 08:55:11.428727"]]
  [1m[35m (105.3ms)[0m  commit transaction
  [1m[36mActiveRecord::SchemaMigration Load (0.1ms)[0m  [1mSELECT "schema_migrations".* FROM "schema_migrations"[0m
Migrating to Coursedetails (20210313085610)
  [1m[35m (0.1ms)[0m  begin transaction
  [1m[36m (0.4ms)[0m  [1mCREATE TABLE "classdetails" ("id" INTEGER PRIMARY KEY AUTOINCREMENT NOT NULL, "number" varchar, "detail" varchar) [0m
  [1m[35mSQL (0.1ms)[0m  INSERT INTO "schema_migrations" ("version") VALUES (?)  [["version", "20210313085610"]]
  [1m[36m (99.2ms)[0m  [1mcommit transaction[0m
  [1m[35mActiveRecord::SchemaMigration Load (0.1ms)[0m  SELECT "schema_migrations".* FROM "schema_migrations"
  [1m[36mActiveRecord::SchemaMigration Load (0.1ms)[0m  [1mSELECT "schema_migrations".* FROM "schema_migrations"[0m
  [1m[35m (0.0ms)[0m  begin transaction
  [1m[36mSQL (0.2ms)[0m  [1mINSERT INTO "movies" ("course_num", "dept", "course_name", "professor", "requirement", "course_time", "created_at", "updated_at") VALUES (?, ?, ?, ?, ?, ?, ?, ?)[0m  [["course_num", "COMS W1004"], ["dept", "Computer Science"], ["course_name", "Intro to Computer Science"], ["professor", "Adam Cannon"], ["requirement", "Major Core"], ["course_time", "TR 4:10pm-5:25pm"], ["created_at", "2021-03-13 08:58:17.220211"], ["updated_at", "2021-03-13 08:58:17.220211"]]
  [1m[35m (98.8ms)[0m  commit transaction
  [1m[36m (0.0ms)[0m  [1mbegin transaction[0m
  [1m[35mSQL (0.2ms)[0m  INSERT INTO "movies" ("course_num", "dept", "course_name", "professor", "requirement", "course_time", "created_at", "updated_at") VALUES (?, ?, ?, ?, ?, ?, ?, ?)  [["course_num", "COMS W3107"], ["dept", "Computer Science"], ["course_name", "Clean Object-Oriented Design"], ["professor", "John Kender"], ["requirement", "General Technical Requirement"], ["course_time", "MW 1:10pm-2:25pm"], ["created_at", "2021-03-13 08:58:17.320556"], ["updated_at", "2021-03-13 08:58:17.320556"]]
  [1m[36m (112.3ms)[0m  [1mcommit transaction[0m
  [1m[35m (0.0ms)[0m  begin transaction
  [1m[36mSQL (0.2ms)[0m  [1mINSERT INTO "movies" ("course_num", "dept", "course_name", "professor", "requirement", "course_time", "created_at", "updated_at") VALUES (?, ?, ?, ?, ?, ?, ?, ?)[0m  [["course_num", "COMS W3134"], ["dept", "Computer Science"], ["course_name", "Data Structures in Java"], ["professor", "Paul Blaer"], ["requirement", "Major Core"], ["course_time", "MW 5:40pm-6:55pm"], ["created_at", "2021-03-13 08:58:17.434102"], ["updated_at", "2021-03-13 08:58:17.434102"]]
  [1m[35m (96.9ms)[0m  commit transaction
  [1m[36m (0.0ms)[0m  [1mbegin transaction[0m
  [1m[35mSQL (0.2ms)[0m  INSERT INTO "movies" ("course_num", "dept", "course_name", "professor", "requirement", "course_time", "created_at", "updated_at") VALUES (?, ?, ?, ?, ?, ?, ?, ?)  [["course_num", "COMS W4771"], ["dept", "Computer Science"], ["course_name", "Machine Learning"], ["professor", "Nakul Verma"], ["requirement", "Track Course"], ["course_time", "TR 1:10pm-2:25pm"], ["created_at", "2021-03-13 08:58:17.532170"], ["updated_at", "2021-03-13 08:58:17.532170"]]
  [1m[36m (93.4ms)[0m  [1mcommit transaction[0m
  [1m[35m (0.0ms)[0m  begin transaction
  [1m[36mSQL (0.2ms)[0m  [1mINSERT INTO "movies" ("course_num", "dept", "course_name", "professor", "requirement", "course_time", "created_at", "updated_at") VALUES (?, ?, ?, ?, ?, ?, ?, ?)[0m  [["course_num", "COMS W4995"], ["dept", "Computer Science"], ["course_name", "Topics in Computer Science: Applied Deep Learning"], ["professor", "Joshua B Gordon"], ["requirement", "General Technical Elective"], ["course_time", "R 7:00pm-9:30pm"], ["created_at", "2021-03-13 08:58:17.626702"], ["updated_at", "2021-03-13 08:58:17.626702"]]
  [1m[35m (96.0ms)[0m  commit transaction
  [1m[36m (0.0ms)[0m  [1mbegin transaction[0m
  [1m[35mSQL (0.2ms)[0m  INSERT INTO "classdetails" ("number", "detail") VALUES (?, ?)  [["number", "COMS W1004"], ["detail", "Computer Science....."]]
  [1m[36m (98.0ms)[0m  [1mcommit transaction[0m
  [1m[35m (0.0ms)[0m  begin transaction
  [1m[36mSQL (0.1ms)[0m  [1mINSERT INTO "classdetails" ("number", "detail") VALUES (?, ?)[0m  [["number", "COMS W3134"], ["detail", "Computer Science....."]]
  [1m[35m (92.5ms)[0m  commit transaction
  [1m[36m (0.0ms)[0m  [1mbegin transaction[0m
  [1m[35mSQL (0.2ms)[0m  INSERT INTO "classdetails" ("number", "detail") VALUES (?, ?)  [["number", "COMS W4995"], ["detail", "Computer Science....."]]
  [1m[36m (105.3ms)[0m  [1mcommit transaction[0m


Started GET "/" for 124.123.185.199 at 2021-03-13 09:07:43 +0000


Started GET "/movies" for 124.123.185.199 at 2021-03-13 09:07:44 +0000
Processing by MoviesController#index as HTML
  [1m[36mMovie Load (1.0ms)[0m  [1mSELECT "movies".* FROM "movies"[0m
  Rendered movies/index.html.erb within layouts/application (10.1ms)
  Rendered layouts/_flash.erb (0.3ms)
Completed 200 OK in 184ms (Views: 168.3ms | ActiveRecord: 1.4ms)


Started GET "/movies/new" for 124.123.185.199 at 2021-03-13 09:08:28 +0000
Processing by MoviesController#new as HTML
  Rendered movies/new.html.erb within layouts/application (35.8ms)
  Rendered layouts/_flash.erb (0.0ms)
Completed 200 OK in 41ms (Views: 40.6ms | ActiveRecord: 0.0ms)
  [1m[36m (87.6ms)[0m  [1mCREATE TABLE "schema_migrations" ("version" varchar NOT NULL) [0m
  [1m[35m (0.1ms)[0m  select sqlite_version(*)
  [1m[36m (93.1ms)[0m  [1mCREATE UNIQUE INDEX "unique_schema_migrations" ON "schema_migrations" ("version")[0m
  [1m[35mActiveRecord::SchemaMigration Load (0.1ms)[0m  SELECT "schema_migrations".* FROM "schema_migrations"
Migrating to CreateMovies (20111119180638)
  [1m[36m (0.0ms)[0m  [1mbegin transaction[0m
DEPRECATION WARNING: `#timestamps` was called without specifying an option for `null`. In Rails 5, this behavior will change to `null: false`. You should manually specify `null: true` to prevent the behavior of your existing migrations from changing. (called from block in up at /home/codio/workspace/Schedulite/rottenpotatoes/db/migrate/20111119180638_create_movies.rb:12)
  [1m[35m (0.3ms)[0m  CREATE TABLE "movies" ("id" INTEGER PRIMARY KEY AUTOINCREMENT NOT NULL, "course_num" varchar, "dept" varchar, "course_name" varchar, "professor" varchar, "requirement" varchar, "course_time" varchar, "created_at" datetime, "updated_at" datetime) 
  [1m[36mSQL (0.1ms)[0m  [1mINSERT INTO "schema_migrations" ("version") VALUES (?)[0m  [["version", "20111119180638"]]
  [1m[35m (93.7ms)[0m  commit transaction
Migrating to Coursedetails (20210313085610)
  [1m[36m (0.1ms)[0m  [1mbegin transaction[0m
  [1m[35m (0.3ms)[0m  CREATE TABLE "classdetails" ("id" INTEGER PRIMARY KEY AUTOINCREMENT NOT NULL, "number" varchar, "detail" varchar) 
  [1m[36mSQL (0.1ms)[0m  [1mINSERT INTO "schema_migrations" ("version") VALUES (?)[0m  [["version", "20210313085610"]]
  [1m[35m (100.0ms)[0m  commit transaction
  [1m[36mActiveRecord::SchemaMigration Load (0.1ms)[0m  [1mSELECT "schema_migrations".* FROM "schema_migrations"[0m
  [1m[36mActiveRecord::SchemaMigration Load (0.1ms)[0m  [1mSELECT "schema_migrations".* FROM "schema_migrations"[0m
  [1m[35m (0.0ms)[0m  begin transaction
  [1m[36mSQL (0.3ms)[0m  [1mINSERT INTO "movies" ("course_num", "dept", "course_name", "professor", "requirement", "course_time", "created_at", "updated_at") VALUES (?, ?, ?, ?, ?, ?, ?, ?)[0m  [["course_num", "COMS W1004"], ["dept", "Computer Science"], ["course_name", "Intro to Computer Science"], ["professor", "Adam Cannon"], ["requirement", "Major Core"], ["course_time", "TR 4:10pm-5:25pm"], ["created_at", "2021-03-13 09:09:32.094251"], ["updated_at", "2021-03-13 09:09:32.094251"]]
  [1m[35m (92.3ms)[0m  commit transaction
  [1m[36m (0.0ms)[0m  [1mbegin transaction[0m
  [1m[35mSQL (0.2ms)[0m  INSERT INTO "movies" ("course_num", "dept", "course_name", "professor", "requirement", "course_time", "created_at", "updated_at") VALUES (?, ?, ?, ?, ?, ?, ?, ?)  [["course_num", "COMS W3107"], ["dept", "Computer Science"], ["course_name", "Clean Object-Oriented Design"], ["professor", "John Kender"], ["requirement", "General Technical Requirement"], ["course_time", "MW 1:10pm-2:25pm"], ["created_at", "2021-03-13 09:09:32.188207"], ["updated_at", "2021-03-13 09:09:32.188207"]]
  [1m[36m (90.8ms)[0m  [1mcommit transaction[0m
  [1m[35m (0.0ms)[0m  begin transaction
  [1m[36mSQL (0.2ms)[0m  [1mINSERT INTO "movies" ("course_num", "dept", "course_name", "professor", "requirement", "course_time", "created_at", "updated_at") VALUES (?, ?, ?, ?, ?, ?, ?, ?)[0m  [["course_num", "COMS W3134"], ["dept", "Computer Science"], ["course_name", "Data Structures in Java"], ["professor", "Paul Blaer"], ["requirement", "Major Core"], ["course_time", "MW 5:40pm-6:55pm"], ["created_at", "2021-03-13 09:09:32.280390"], ["updated_at", "2021-03-13 09:09:32.280390"]]
  [1m[35m (88.8ms)[0m  commit transaction
  [1m[36m (0.1ms)[0m  [1mbegin transaction[0m
  [1m[35mSQL (0.2ms)[0m  INSERT INTO "movies" ("course_num", "dept", "course_name", "professor", "requirement", "course_time", "created_at", "updated_at") VALUES (?, ?, ?, ?, ?, ?, ?, ?)  [["course_num", "COMS W4771"], ["dept", "Computer Science"], ["course_name", "Machine Learning"], ["professor", "Nakul Verma"], ["requirement", "Track Course"], ["course_time", "TR 1:10pm-2:25pm"], ["created_at", "2021-03-13 09:09:32.370560"], ["updated_at", "2021-03-13 09:09:32.370560"]]
  [1m[36m (98.9ms)[0m  [1mcommit transaction[0m
  [1m[35m (0.1ms)[0m  begin transaction
  [1m[36mSQL (0.4ms)[0m  [1mINSERT INTO "movies" ("course_num", "dept", "course_name", "professor", "requirement", "course_time", "created_at", "updated_at") VALUES (?, ?, ?, ?, ?, ?, ?, ?)[0m  [["course_num", "COMS W4995"], ["dept", "Computer Science"], ["course_name", "Topics in Computer Science: Applied Deep Learning"], ["professor", "Joshua B Gordon"], ["requirement", "General Technical Elective"], ["course_time", "R 7:00pm-9:30pm"], ["created_at", "2021-03-13 09:09:32.470959"], ["updated_at", "2021-03-13 09:09:32.470959"]]
  [1m[35m (105.5ms)[0m  commit transaction
  [1m[36m (0.0ms)[0m  [1mbegin transaction[0m
  [1m[35mSQL (0.2ms)[0m  INSERT INTO "classdetails" ("number", "detail") VALUES (?, ?)  [["number", "COMS W1004"], ["detail", "Computer Science....."]]
  [1m[36m (95.1ms)[0m  [1mcommit transaction[0m
  [1m[35m (0.0ms)[0m  begin transaction
  [1m[36mSQL (0.2ms)[0m  [1mINSERT INTO "classdetails" ("number", "detail") VALUES (?, ?)[0m  [["number", "COMS W3134"], ["detail", "Computer Science....."]]
  [1m[35m (102.5ms)[0m  commit transaction
  [1m[36m (0.1ms)[0m  [1mbegin transaction[0m
  [1m[35mSQL (0.3ms)[0m  INSERT INTO "classdetails" ("number", "detail") VALUES (?, ?)  [["number", "COMS W4995"], ["detail", "Computer Science....."]]
  [1m[36m (96.6ms)[0m  [1mcommit transaction[0m


Started GET "/" for 124.123.185.199 at 2021-03-13 09:09:44 +0000


Started GET "/movies" for 124.123.185.199 at 2021-03-13 09:09:44 +0000
Processing by MoviesController#index as HTML
  [1m[36mMovie Load (0.9ms)[0m  [1mSELECT "movies".* FROM "movies"[0m
  Rendered movies/index.html.erb within layouts/application (8.8ms)
  Rendered layouts/_flash.erb (0.3ms)
Completed 200 OK in 179ms (Views: 163.8ms | ActiveRecord: 1.3ms)


Started GET "/movies/1" for 124.123.185.199 at 2021-03-13 09:10:07 +0000
Processing by MoviesController#show as HTML
  Parameters: {"id"=>"1"}
  [1m[35mMovie Load (0.2ms)[0m  SELECT  "movies".* FROM "movies" WHERE "movies"."id" = ? LIMIT 1  [["id", 1]]
  Rendered movies/show.html.erb within layouts/application (8.2ms)
Completed 500 Internal Server Error in 13ms (ActiveRecord: 0.2ms)

ActionView::Template::Error (undefined method `title' for #<Movie:0x00007f1231c39570>):
    1: <!--  app/views/movies/show.html.erb -->
    2: <h2>Details about <em><%= @movie.title %></em></h2>
    3: 
    4: <ul id="details">
    5:   <li>
  app/views/movies/show.html.erb:2:in `_app_views_movies_show_html_erb___4184884621387391621_69858060533640'


  Rendered /var/lib/gems/2.6.0/gems/actionpack-4.2.10/lib/action_dispatch/middleware/templates/rescues/_source.erb (3.1ms)
  Rendered /var/lib/gems/2.6.0/gems/actionpack-4.2.10/lib/action_dispatch/middleware/templates/rescues/_trace.html.erb (1.5ms)
  Rendered /var/lib/gems/2.6.0/gems/actionpack-4.2.10/lib/action_dispatch/middleware/templates/rescues/_request_and_response.html.erb (0.7ms)
  Rendered /var/lib/gems/2.6.0/gems/actionpack-4.2.10/lib/action_dispatch/middleware/templates/rescues/template_error.html.erb within rescues/layout (12.7ms)


Started GET "/" for 124.123.185.199 at 2021-03-13 09:13:09 +0000


Started GET "/movies" for 124.123.185.199 at 2021-03-13 09:13:09 +0000
Processing by MoviesController#index as HTML
  [1m[36mMovie Load (1.0ms)[0m  [1mSELECT "movies".* FROM "movies"[0m
  Rendered movies/index.html.erb within layouts/application (10.5ms)
  Rendered layouts/_flash.erb (0.3ms)
Completed 200 OK in 188ms (Views: 172.2ms | ActiveRecord: 1.5ms)


Started GET "/movies/1" for 124.123.185.199 at 2021-03-13 09:13:16 +0000
Processing by MoviesController#show as HTML
  Parameters: {"id"=>"1"}
  [1m[35mMovie Load (0.2ms)[0m  SELECT  "movies".* FROM "movies" WHERE "movies"."id" = ? LIMIT 1  [["id", 1]]
Completed 500 Internal Server Error in 4ms (ActiveRecord: 0.2ms)

NoMethodError (undefined method `title' for #<Movie:0x00007f1771c69fc8>):
  app/controllers/movies_controller.rb:9:in `show'


  Rendered /var/lib/gems/2.6.0/gems/actionpack-4.2.10/lib/action_dispatch/middleware/templates/rescues/_source.erb (2.3ms)
  Rendered /var/lib/gems/2.6.0/gems/actionpack-4.2.10/lib/action_dispatch/middleware/templates/rescues/_trace.html.erb (1.2ms)
  Rendered /var/lib/gems/2.6.0/gems/actionpack-4.2.10/lib/action_dispatch/middleware/templates/rescues/_request_and_response.html.erb (0.8ms)
  Rendered /var/lib/gems/2.6.0/gems/actionpack-4.2.10/lib/action_dispatch/middleware/templates/rescues/diagnostics.html.erb within rescues/layout (10.2ms)


Started GET "/" for 124.123.185.199 at 2021-03-13 09:44:37 +0000


Started GET "/movies" for 124.123.185.199 at 2021-03-13 09:44:37 +0000
Processing by MoviesController#index as HTML
  [1m[36mMovie Load (0.9ms)[0m  [1mSELECT "movies".* FROM "movies"[0m
  Rendered movies/index.html.erb within layouts/application (8.8ms)
  Rendered layouts/_flash.erb (0.4ms)
Completed 200 OK in 206ms (Views: 190.8ms | ActiveRecord: 1.2ms)


Started GET "/assets/application.self-377610cd7c1509e934744c810e3b4cf672dfbcacac3274e7d039827e2ae0fcc7.js?body=1" for 124.123.185.199 at 2021-03-13 09:44:38 +0000


Started GET "/assets/jquery_ujs.self-e87806d0cf4489aeb1bb7288016024e8de67fd18db693fe026fe3907581e53cd.js?body=1" for 124.123.185.199 at 2021-03-13 09:44:38 +0000


Started GET "/assets/jquery.self-660adc51e0224b731d29f575a6f1ec167ba08ad06ed5deca4f1e8654c135bf4c.js?body=1" for 124.123.185.199 at 2021-03-13 09:44:38 +0000


Started GET "/assets/application.self-e80e8f2318043e8af94dddc2adad5a4f09739a8ebb323b3ab31cd71d45fd9113.css?body=1" for 124.123.185.199 at 2021-03-13 09:44:38 +0000


Started GET "/movies/1" for 124.123.185.199 at 2021-03-13 09:44:51 +0000
Processing by MoviesController#show as HTML
  Parameters: {"id"=>"1"}
  [1m[35mMovie Load (0.2ms)[0m  SELECT  "movies".* FROM "movies" WHERE "movies"."id" = ? LIMIT 1  [["id", 1]]
Completed 500 Internal Server Error in 4ms (ActiveRecord: 0.2ms)

NoMethodError (undefined method `title' for #<Movie:0x00007f4915e7faa8>):
  app/controllers/movies_controller.rb:10:in `show'


  Rendered /var/lib/gems/2.6.0/gems/actionpack-4.2.10/lib/action_dispatch/middleware/templates/rescues/_source.erb (2.2ms)
  Rendered /var/lib/gems/2.6.0/gems/actionpack-4.2.10/lib/action_dispatch/middleware/templates/rescues/_trace.html.erb (1.2ms)
  Rendered /var/lib/gems/2.6.0/gems/actionpack-4.2.10/lib/action_dispatch/middleware/templates/rescues/_request_and_response.html.erb (0.8ms)
  Rendered /var/lib/gems/2.6.0/gems/actionpack-4.2.10/lib/action_dispatch/middleware/templates/rescues/diagnostics.html.erb within rescues/layout (10.0ms)


Started GET "/movies/1" for 124.123.185.199 at 2021-03-13 09:46:34 +0000
Processing by MoviesController#show as HTML
  Parameters: {"id"=>"1"}
  [1m[36mMovie Load (0.1ms)[0m  [1mSELECT  "movies".* FROM "movies" WHERE "movies"."id" = ? LIMIT 1[0m  [["id", 1]]
Completed 500 Internal Server Error in 1ms (ActiveRecord: 0.1ms)

NoMethodError (undefined method `title' for #<Movie:0x00007f49162e4620>):
  app/controllers/movies_controller.rb:10:in `show'


  Rendered /var/lib/gems/2.6.0/gems/actionpack-4.2.10/lib/action_dispatch/middleware/templates/rescues/_source.erb (2.2ms)
  Rendered /var/lib/gems/2.6.0/gems/actionpack-4.2.10/lib/action_dispatch/middleware/templates/rescues/_trace.html.erb (1.2ms)
  Rendered /var/lib/gems/2.6.0/gems/actionpack-4.2.10/lib/action_dispatch/middleware/templates/rescues/_request_and_response.html.erb (0.8ms)
  Rendered /var/lib/gems/2.6.0/gems/actionpack-4.2.10/lib/action_dispatch/middleware/templates/rescues/diagnostics.html.erb within rescues/layout (10.2ms)


Started GET "/" for 124.123.185.199 at 2021-03-13 09:46:39 +0000


Started GET "/movies" for 124.123.185.199 at 2021-03-13 09:46:39 +0000
Processing by MoviesController#index as HTML
  [1m[35mMovie Load (0.1ms)[0m  SELECT "movies".* FROM "movies"
  Rendered movies/index.html.erb within layouts/application (1.0ms)
  Rendered layouts/_flash.erb (0.0ms)
Completed 200 OK in 6ms (Views: 5.8ms | ActiveRecord: 0.1ms)


Started GET "/movies" for 124.123.185.199 at 2021-03-13 09:53:10 +0000
Processing by MoviesController#index as HTML
  [1m[36mMovie Load (0.9ms)[0m  [1mSELECT "movies".* FROM "movies"[0m
  Rendered movies/index.html.erb within layouts/application (8.4ms)
  Rendered layouts/_flash.erb (0.3ms)
Completed 200 OK in 210ms (Views: 183.2ms | ActiveRecord: 1.1ms)


Started GET "/movies/1" for 124.123.185.199 at 2021-03-13 09:53:13 +0000
Processing by MoviesController#show as HTML
  Parameters: {"id"=>"1"}
Completed 400 Bad Request in 0ms (ActiveRecord: 0.0ms)

ActionController::ParameterMissing (param is missing or the value is empty: movie):
  app/controllers/movies_controller.rb:64:in `movie_params'
  app/controllers/movies_controller.rb:7:in `show'


  Rendered /var/lib/gems/2.6.0/gems/actionpack-4.2.10/lib/action_dispatch/middleware/templates/rescues/_source.erb (2.2ms)
  Rendered /var/lib/gems/2.6.0/gems/actionpack-4.2.10/lib/action_dispatch/middleware/templates/rescues/_trace.html.erb (1.2ms)
  Rendered /var/lib/gems/2.6.0/gems/actionpack-4.2.10/lib/action_dispatch/middleware/templates/rescues/_request_and_response.html.erb (0.8ms)
  Rendered /var/lib/gems/2.6.0/gems/actionpack-4.2.10/lib/action_dispatch/middleware/templates/rescues/diagnostics.html.erb within rescues/layout (10.0ms)
  [1m[36mMovie Load (0.9ms)[0m  [1mSELECT "movies".* FROM "movies"[0m


Started GET "/" for 124.123.185.199 at 2021-03-13 10:10:57 +0000


Started GET "/movies" for 124.123.185.199 at 2021-03-13 10:10:58 +0000

SyntaxError (/home/codio/workspace/Schedulite/rottenpotatoes/app/controllers/movies_controller.rb:8: syntax error, unexpected tSTRING_DEND, expecting tSTRING_CONTENT or tSTRING_DBEG or tSTRING_DVAR or tSTRING_END
........... #{@movie.course_name:} **************"   
...                              ^
/home/codio/workspace/Schedulite/rottenpotatoes/app/controllers/movies_controller.rb:23: syntax error, unexpected end, expecting tSTRING_DEND
  end
  ^~~
/home/codio/workspace/Schedulite/rottenpotatoes/app/controllers/movies_controller.rb:62: syntax error, unexpected end, expecting tSTRING_DEND):
  app/controllers/movies_controller.rb:8: syntax error, unexpected tSTRING_DEND, expecting tSTRING_CONTENT or tSTRING_DBEG or tSTRING_DVAR or tSTRING_END
  app/controllers/movies_controller.rb:23: syntax error, unexpected end, expecting tSTRING_DEND
  app/controllers/movies_controller.rb:62: syntax error, unexpected end, expecting tSTRING_DEND


  Rendered /var/lib/gems/2.6.0/gems/actionpack-4.2.10/lib/action_dispatch/middleware/templates/rescues/_source.erb (1.8ms)
  Rendered /var/lib/gems/2.6.0/gems/actionpack-4.2.10/lib/action_dispatch/middleware/templates/rescues/_trace.html.erb (1.0ms)
  Rendered /var/lib/gems/2.6.0/gems/actionpack-4.2.10/lib/action_dispatch/middleware/templates/rescues/_request_and_response.html.erb (5.0ms)
  Rendered /var/lib/gems/2.6.0/gems/actionpack-4.2.10/lib/action_dispatch/middleware/templates/rescues/diagnostics.html.erb within rescues/layout (15.4ms)


Started GET "/" for 124.123.185.199 at 2021-03-13 10:12:36 +0000


Started GET "/movies" for 124.123.185.199 at 2021-03-13 10:12:36 +0000
Processing by MoviesController#index as HTML
  [1m[36mMovie Load (0.9ms)[0m  [1mSELECT "movies".* FROM "movies"[0m
  Rendered movies/index.html.erb within layouts/application (8.4ms)
  Rendered layouts/_flash.erb (0.3ms)
Completed 200 OK in 196ms (Views: 181.2ms | ActiveRecord: 1.1ms)


Started GET "/movies/1" for 124.123.185.199 at 2021-03-13 10:12:40 +0000
Processing by MoviesController#show as HTML
  Parameters: {"id"=>"1"}
  [1m[35mMovie Load (0.2ms)[0m  SELECT  "movies".* FROM "movies" WHERE "movies"."id" = ? LIMIT 1  [["id", 1]]
  Rendered movies/show.html.erb within layouts/application (1.9ms)
Completed 500 Internal Server Error in 8ms (ActiveRecord: 0.2ms)

ActionView::Template::Error (undefined method `title' for #<Movie:0x00007f62c8abb558>):
    1: <!--  app/views/movies/show.html.erb -->
    2: <h2>Details about <em><%= @movie.title %></em></h2>
    3: 
    4: <ul id="details">
    5:   <li>
  app/views/movies/show.html.erb:2:in `_app_views_movies_show_html_erb___3831938199902543497_70031125140480'


  Rendered /var/lib/gems/2.6.0/gems/actionpack-4.2.10/lib/action_dispatch/middleware/templates/rescues/_source.erb (3.0ms)
  Rendered /var/lib/gems/2.6.0/gems/actionpack-4.2.10/lib/action_dispatch/middleware/templates/rescues/_trace.html.erb (1.5ms)
  Rendered /var/lib/gems/2.6.0/gems/actionpack-4.2.10/lib/action_dispatch/middleware/templates/rescues/_request_and_response.html.erb (0.7ms)
  Rendered /var/lib/gems/2.6.0/gems/actionpack-4.2.10/lib/action_dispatch/middleware/templates/rescues/template_error.html.erb within rescues/layout (11.1ms)


Started GET "/" for 124.123.185.199 at 2021-03-13 10:14:38 +0000


Started GET "/movies" for 124.123.185.199 at 2021-03-13 10:14:39 +0000
Processing by MoviesController#index as HTML
  [1m[36mMovie Load (0.9ms)[0m  [1mSELECT "movies".* FROM "movies"[0m
  Rendered movies/index.html.erb within layouts/application (8.6ms)
  Rendered layouts/_flash.erb (0.3ms)
Completed 200 OK in 214ms (Views: 186.7ms | ActiveRecord: 1.1ms)


Started GET "/movies/1" for 124.123.185.199 at 2021-03-13 10:14:41 +0000
Processing by MoviesController#show as HTML
  Parameters: {"id"=>"1"}
  [1m[35mMovie Load (0.2ms)[0m  SELECT  "movies".* FROM "movies" WHERE "movies"."id" = ? LIMIT 1  [["id", 1]]
  Rendered movies/show.html.erb within layouts/application (1.8ms)
Completed 500 Internal Server Error in 6ms (ActiveRecord: 0.2ms)

ActionView::Template::Error (wrong number of arguments (given 1, expected 0)):
     8:   </li>
     9:   <li>
    10:     Details:
    11:     <%= @movie.course_name("%B %d, %Y") %>
    12:   </li>
    13: </ul>
    14: 
  app/views/movies/show.html.erb:11:in `_app_views_movies_show_html_erb__768681851286458285_69998377580220'


  Rendered /var/lib/gems/2.6.0/gems/actionpack-4.2.10/lib/action_dispatch/middleware/templates/rescues/_source.erb (3.0ms)
  Rendered /var/lib/gems/2.6.0/gems/actionpack-4.2.10/lib/action_dispatch/middleware/templates/rescues/_trace.html.erb (1.5ms)
  Rendered /var/lib/gems/2.6.0/gems/actionpack-4.2.10/lib/action_dispatch/middleware/templates/rescues/_request_and_response.html.erb (0.7ms)
  Rendered /var/lib/gems/2.6.0/gems/actionpack-4.2.10/lib/action_dispatch/middleware/templates/rescues/template_error.html.erb within rescues/layout (11.3ms)


Started GET "/" for 124.123.185.199 at 2021-03-13 10:15:30 +0000


Started GET "/movies" for 124.123.185.199 at 2021-03-13 10:15:30 +0000
Processing by MoviesController#index as HTML
  [1m[36mMovie Load (1.8ms)[0m  [1mSELECT "movies".* FROM "movies"[0m
  Rendered movies/index.html.erb within layouts/application (16.2ms)
  Rendered layouts/_flash.erb (0.5ms)
Completed 200 OK in 352ms (Views: 301.6ms | ActiveRecord: 2.1ms)


Started GET "/movies/1" for 124.123.185.199 at 2021-03-13 10:15:33 +0000
Processing by MoviesController#show as HTML
  Parameters: {"id"=>"1"}
  [1m[35mMovie Load (0.2ms)[0m  SELECT  "movies".* FROM "movies" WHERE "movies"."id" = ? LIMIT 1  [["id", 1]]
  Rendered movies/show.html.erb within layouts/application (0.8ms)
  Rendered layouts/_flash.erb (0.1ms)
Completed 200 OK in 11ms (Views: 6.5ms | ActiveRecord: 0.2ms)


Started GET "/movies" for 124.123.185.199 at 2021-03-13 10:15:48 +0000
Processing by MoviesController#index as HTML
  [1m[36mMovie Load (0.1ms)[0m  [1mSELECT "movies".* FROM "movies"[0m
  Rendered movies/index.html.erb within layouts/application (1.0ms)
  Rendered layouts/_flash.erb (0.0ms)
Completed 200 OK in 6ms (Views: 5.9ms | ActiveRecord: 0.1ms)
  [1m[36mMovie Load (0.9ms)[0m  [1mSELECT "movies".* FROM "movies"[0m
  [1m[35mClassdetail Load (0.2ms)[0m  SELECT "classdetails".* FROM "classdetails"


Started GET "/movies" for 124.123.185.199 at 2021-03-13 10:25:33 +0000
Processing by MoviesController#index as HTML
  [1m[36mMovie Load (0.9ms)[0m  [1mSELECT "movies".* FROM "movies"[0m
  Rendered movies/index.html.erb within layouts/application (8.4ms)
  Rendered layouts/_flash.erb (0.3ms)
Completed 200 OK in 208ms (Views: 181.3ms | ActiveRecord: 1.1ms)


Started GET "/movies/1" for 124.123.185.199 at 2021-03-13 10:25:37 +0000
Processing by MoviesController#show as HTML
  Parameters: {"id"=>"1"}
  [1m[35mMovie Load (0.2ms)[0m  SELECT  "movies".* FROM "movies" WHERE "movies"."id" = ? LIMIT 1  [["id", 1]]
  [1m[36mClassdetail Load (0.1ms)[0m  [1mSELECT  "classdetails".* FROM "classdetails" WHERE "classdetails"."id" = ? LIMIT 1[0m  [["id", 0]]
Completed 404 Not Found in 6ms (ActiveRecord: 0.4ms)

ActiveRecord::RecordNotFound (Couldn't find Classdetail with 'id'=COMS W1004):
  app/controllers/movies_controller.rb:6:in `show'


  Rendered /var/lib/gems/2.6.0/gems/actionpack-4.2.10/lib/action_dispatch/middleware/templates/rescues/_source.erb (3.1ms)
  Rendered /var/lib/gems/2.6.0/gems/actionpack-4.2.10/lib/action_dispatch/middleware/templates/rescues/_trace.html.erb (1.8ms)
  Rendered /var/lib/gems/2.6.0/gems/actionpack-4.2.10/lib/action_dispatch/middleware/templates/rescues/_request_and_response.html.erb (0.9ms)
  Rendered /var/lib/gems/2.6.0/gems/actionpack-4.2.10/lib/action_dispatch/middleware/templates/rescues/diagnostics.html.erb within rescues/layout (12.8ms)


Started GET "/" for 124.123.185.199 at 2021-03-13 10:32:05 +0000


Started GET "/movies" for 124.123.185.199 at 2021-03-13 10:32:05 +0000
Processing by MoviesController#index as HTML
  [1m[36mMovie Load (0.9ms)[0m  [1mSELECT "movies".* FROM "movies"[0m
  Rendered movies/index.html.erb within layouts/application (8.9ms)
  Rendered layouts/_flash.erb (0.3ms)
Completed 200 OK in 225ms (Views: 196.4ms | ActiveRecord: 1.2ms)


Started GET "/movies/1" for 124.123.185.199 at 2021-03-13 10:32:10 +0000
Processing by MoviesController#show as HTML
  Parameters: {"id"=>"1"}
  [1m[35mMovie Load (0.2ms)[0m  SELECT  "movies".* FROM "movies" WHERE "movies"."id" = ? LIMIT 1  [["id", 1]]
  [1m[36mClassdetail Load (0.1ms)[0m  [1mSELECT  "classdetails".* FROM "classdetails" WHERE "classdetails"."number" = ? LIMIT 1[0m  [["number", "COMS W1004"]]
  Rendered movies/show.html.erb within layouts/application (0.4ms)
  Rendered layouts/_flash.erb (0.0ms)
Completed 200 OK in 12ms (Views: 5.5ms | ActiveRecord: 0.4ms)


Started GET "/movies" for 124.123.185.199 at 2021-03-13 10:32:14 +0000
Processing by MoviesController#index as HTML
  [1m[35mMovie Load (0.1ms)[0m  SELECT "movies".* FROM "movies"
  Rendered movies/index.html.erb within layouts/application (0.9ms)
  Rendered layouts/_flash.erb (0.0ms)
Completed 200 OK in 6ms (Views: 5.7ms | ActiveRecord: 0.1ms)


Started GET "/movies/2" for 124.123.185.199 at 2021-03-13 10:32:16 +0000
Processing by MoviesController#show as HTML
  Parameters: {"id"=>"2"}
  [1m[36mMovie Load (0.1ms)[0m  [1mSELECT  "movies".* FROM "movies" WHERE "movies"."id" = ? LIMIT 1[0m  [["id", 2]]
  [1m[35mClassdetail Load (0.1ms)[0m  SELECT  "classdetails".* FROM "classdetails" WHERE "classdetails"."number" = ? LIMIT 1  [["number", "COMS W3107"]]
  Rendered movies/show.html.erb within layouts/application (2.1ms)
Completed 500 Internal Server Error in 4ms (ActiveRecord: 0.2ms)

ActionView::Template::Error (undefined method `number' for nil:NilClass):
    1: <!--  app/views/movies/show.html.erb -->
    2: <h2>Details about <em><%= @classdetail.number %></em></h2>
    3: 
    4: <ul id="details">
    5:   <li>
  app/views/movies/show.html.erb:2:in `_app_views_movies_show_html_erb__3720496310975644912_69851913006040'


  Rendered /var/lib/gems/2.6.0/gems/actionpack-4.2.10/lib/action_dispatch/middleware/templates/rescues/_source.erb (4.5ms)
  Rendered /var/lib/gems/2.6.0/gems/actionpack-4.2.10/lib/action_dispatch/middleware/templates/rescues/_trace.html.erb (2.2ms)
  Rendered /var/lib/gems/2.6.0/gems/actionpack-4.2.10/lib/action_dispatch/middleware/templates/rescues/_request_and_response.html.erb (1.0ms)
  Rendered /var/lib/gems/2.6.0/gems/actionpack-4.2.10/lib/action_dispatch/middleware/templates/rescues/template_error.html.erb within rescues/layout (16.4ms)


Started GET "/movies/3" for 124.123.185.199 at 2021-03-13 10:32:20 +0000
Processing by MoviesController#show as HTML
  Parameters: {"id"=>"3"}
  [1m[36mMovie Load (0.1ms)[0m  [1mSELECT  "movies".* FROM "movies" WHERE "movies"."id" = ? LIMIT 1[0m  [["id", 3]]
  [1m[35mClassdetail Load (0.1ms)[0m  SELECT  "classdetails".* FROM "classdetails" WHERE "classdetails"."number" = ? LIMIT 1  [["number", "COMS W3134"]]
  Rendered movies/show.html.erb within layouts/application (0.2ms)
  Rendered layouts/_flash.erb (0.0ms)
Completed 200 OK in 6ms (Views: 5.0ms | ActiveRecord: 0.1ms)


Started GET "/movies" for 124.123.185.199 at 2021-03-13 10:32:24 +0000
Processing by MoviesController#index as HTML
  [1m[36mMovie Load (0.1ms)[0m  [1mSELECT "movies".* FROM "movies"[0m
  Rendered movies/index.html.erb within layouts/application (0.9ms)
  Rendered layouts/_flash.erb (0.0ms)
Completed 200 OK in 6ms (Views: 5.7ms | ActiveRecord: 0.1ms)


Started GET "/" for 124.123.185.199 at 2021-03-13 10:39:39 +0000


Started GET "/movies" for 124.123.185.199 at 2021-03-13 10:39:39 +0000
Processing by MoviesController#index as HTML
  [1m[36mMovie Load (1.1ms)[0m  [1mSELECT "movies".* FROM "movies"[0m
  Rendered movies/index.html.erb within layouts/application (9.5ms)
  Rendered layouts/_flash.erb (0.3ms)
Completed 200 OK in 239ms (Views: 211.4ms | ActiveRecord: 1.3ms)


Started GET "/movies/1" for 124.123.185.199 at 2021-03-13 10:39:52 +0000
Processing by MoviesController#show as HTML
  Parameters: {"id"=>"1"}
  [1m[35mMovie Load (0.2ms)[0m  SELECT  "movies".* FROM "movies" WHERE "movies"."id" = ? LIMIT 1  [["id", 1]]
  [1m[36mClassdetail Load (0.1ms)[0m  [1mSELECT  "classdetails".* FROM "classdetails" WHERE "classdetails"."number" = ? LIMIT 1[0m  [["number", "COMS W1004"]]
  Rendered movies/show.html.erb within layouts/application (0.4ms)
  Rendered layouts/_flash.erb (0.0ms)
Completed 200 OK in 12ms (Views: 5.5ms | ActiveRecord: 0.4ms)


Started GET "/" for 124.123.185.199 at 2021-03-13 13:49:18 +0000


Started GET "/movies" for 124.123.185.199 at 2021-03-13 13:49:19 +0000
Processing by MoviesController#index as HTML
  [1m[36mMovie Load (1.0ms)[0m  [1mSELECT "movies".* FROM "movies"[0m
  Rendered movies/index.html.erb within layouts/application (12.9ms)
  Rendered layouts/_flash.erb (0.3ms)
Completed 200 OK in 289ms (Views: 250.6ms | ActiveRecord: 1.3ms)


Started GET "/movies/3" for 124.123.185.199 at 2021-03-13 13:55:06 +0000
Processing by MoviesController#show as HTML
  Parameters: {"id"=>"3"}
  [1m[35mMovie Load (0.2ms)[0m  SELECT  "movies".* FROM "movies" WHERE "movies"."id" = ? LIMIT 1  [["id", 3]]
  [1m[36mClassdetail Load (0.1ms)[0m  [1mSELECT  "classdetails".* FROM "classdetails" WHERE "classdetails"."number" = ? LIMIT 1[0m  [["number", "COMS W3134"]]
  Rendered movies/show.html.erb within layouts/application (0.4ms)
  Rendered layouts/_flash.erb (0.0ms)
Completed 200 OK in 14ms (Views: 5.6ms | ActiveRecord: 0.4ms)


Started GET "/movies" for 124.123.185.199 at 2021-03-13 13:55:15 +0000
Processing by MoviesController#index as HTML
  [1m[35mMovie Load (0.1ms)[0m  SELECT "movies".* FROM "movies"
  Rendered movies/index.html.erb within layouts/application (0.9ms)
  Rendered layouts/_flash.erb (0.0ms)
Completed 200 OK in 6ms (Views: 5.7ms | ActiveRecord: 0.1ms)


Started GET "/movies" for 124.123.185.199 at 2021-03-13 14:12:10 +0000
Processing by MoviesController#index as HTML
  [1m[36mMovie Load (1.3ms)[0m  [1mSELECT "movies".* FROM "movies"[0m
  Rendered movies/index.html.erb within layouts/application (12.7ms)
  Rendered layouts/_flash.erb (0.3ms)
Completed 200 OK in 346ms (Views: 310.5ms | ActiveRecord: 1.6ms)


Started GET "/" for 124.123.185.199 at 2021-03-13 14:12:42 +0000


Started GET "/movies" for 124.123.185.199 at 2021-03-13 14:12:42 +0000
Processing by MoviesController#index as HTML
  [1m[35mMovie Load (0.3ms)[0m  SELECT "movies".* FROM "movies"
  Rendered movies/index.html.erb within layouts/application (1.6ms)
  Rendered layouts/_flash.erb (0.1ms)
Completed 200 OK in 11ms (Views: 10.6ms | ActiveRecord: 0.3ms)


Started GET "/movies/1" for 124.123.185.199 at 2021-03-13 14:13:15 +0000
Processing by MoviesController#show as HTML
  Parameters: {"id"=>"1"}
  [1m[36mMovie Load (0.3ms)[0m  [1mSELECT  "movies".* FROM "movies" WHERE "movies"."id" = ? LIMIT 1[0m  [["id", 1]]
  [1m[35mClassdetail Load (0.1ms)[0m  SELECT  "classdetails".* FROM "classdetails" WHERE "classdetails"."number" = ? LIMIT 1  [["number", "COMS W1004"]]
  Rendered movies/show.html.erb within layouts/application (1.9ms)
  Rendered layouts/_flash.erb (0.1ms)
Completed 200 OK in 26ms (Views: 14.8ms | ActiveRecord: 0.6ms)


Started GET "/assets/columbia-university-logo-774472faaf6013c4287a6f25af534ac69ce97630b430c511f35f181e44a206d5.jpg" for 124.123.185.199 at 2021-03-13 14:13:15 +0000


Started GET "/" for 124.123.185.199 at 2021-03-13 14:37:09 +0000


Started GET "/movies" for 124.123.185.199 at 2021-03-13 14:37:09 +0000
Processing by MoviesController#index as HTML
  [1m[36mMovie Load (0.9ms)[0m  [1mSELECT "movies".* FROM "movies"[0m
  Rendered movies/index.html.erb within layouts/application (10.3ms)
  Rendered layouts/_flash.erb (0.3ms)
Completed 200 OK in 263ms (Views: 227.2ms | ActiveRecord: 1.2ms)


Started GET "/assets/application.self-8e1b017dce03e87beeec2bd4868e42f76b0d2ef7aff0ed07d390c9e952cbc4e9.css?body=1" for 124.123.185.199 at 2021-03-13 14:37:10 +0000


Started GET "/movies/1" for 124.123.185.199 at 2021-03-13 14:37:12 +0000
Processing by MoviesController#show as HTML
  Parameters: {"id"=>"1"}
  [1m[35mMovie Load (0.2ms)[0m  SELECT  "movies".* FROM "movies" WHERE "movies"."id" = ? LIMIT 1  [["id", 1]]
  [1m[36mClassdetail Load (0.1ms)[0m  [1mSELECT  "classdetails".* FROM "classdetails" WHERE "classdetails"."number" = ? LIMIT 1[0m  [["number", "COMS W1004"]]
  Rendered movies/show.html.erb within layouts/application (1.4ms)
  Rendered layouts/_flash.erb (0.1ms)
Completed 200 OK in 15ms (Views: 8.0ms | ActiveRecord: 0.4ms)


Started GET "/" for 124.123.185.199 at 2021-03-13 14:38:26 +0000


Started GET "/movies" for 124.123.185.199 at 2021-03-13 14:38:26 +0000
Processing by MoviesController#index as HTML
  [1m[36mMovie Load (0.9ms)[0m  [1mSELECT "movies".* FROM "movies"[0m
  Rendered movies/index.html.erb within layouts/application (8.5ms)
  Rendered layouts/_flash.erb (0.4ms)
Completed 200 OK in 259ms (Views: 227.2ms | ActiveRecord: 1.1ms)


Started GET "/assets/application.self-61a41b033c0f523b767ff4dbb7f541aecfdd592f7c2c3cb4e2021ba91754b279.css?body=1" for 124.123.185.199 at 2021-03-13 14:38:27 +0000


Started GET "/movies/1" for 124.123.185.199 at 2021-03-13 14:38:29 +0000
Processing by MoviesController#show as HTML
  Parameters: {"id"=>"1"}
  [1m[35mMovie Load (0.2ms)[0m  SELECT  "movies".* FROM "movies" WHERE "movies"."id" = ? LIMIT 1  [["id", 1]]
  [1m[36mClassdetail Load (0.1ms)[0m  [1mSELECT  "classdetails".* FROM "classdetails" WHERE "classdetails"."number" = ? LIMIT 1[0m  [["number", "COMS W1004"]]
  Rendered movies/show.html.erb within layouts/application (1.5ms)
  Rendered layouts/_flash.erb (0.1ms)
Completed 200 OK in 18ms (Views: 8.6ms | ActiveRecord: 0.5ms)


Started GET "/" for 124.123.185.199 at 2021-03-13 14:41:06 +0000


Started GET "/movies" for 124.123.185.199 at 2021-03-13 14:41:07 +0000
Processing by MoviesController#index as HTML
  [1m[36mMovie Load (1.4ms)[0m  [1mSELECT "movies".* FROM "movies"[0m
  Rendered movies/index.html.erb within layouts/application (170.8ms)
  Rendered layouts/_flash.erb (0.3ms)
Completed 200 OK in 217ms (Views: 189.7ms | ActiveRecord: 2.0ms)


Started GET "/assets/application.self-0bf218a5a4bd0865aa8fe175cd5e29fd4e6626200f265cb58d11440a86d97551.css?body=1" for 124.123.185.199 at 2021-03-13 14:41:07 +0000


Started GET "/movies/1" for 124.123.185.199 at 2021-03-13 14:41:23 +0000
Processing by MoviesController#show as HTML
  Parameters: {"id"=>"1"}
  [1m[35mMovie Load (0.2ms)[0m  SELECT  "movies".* FROM "movies" WHERE "movies"."id" = ? LIMIT 1  [["id", 1]]
  [1m[36mClassdetail Load (0.1ms)[0m  [1mSELECT  "classdetails".* FROM "classdetails" WHERE "classdetails"."number" = ? LIMIT 1[0m  [["number", "COMS W1004"]]
  Rendered movies/show.html.erb within layouts/application (1.1ms)
  Rendered layouts/_flash.erb (0.0ms)
Completed 200 OK in 13ms (Views: 6.3ms | ActiveRecord: 0.4ms)


Started GET "/movies" for 124.123.185.199 at 2021-03-13 14:41:27 +0000
Processing by MoviesController#index as HTML
  [1m[35mMovie Load (0.2ms)[0m  SELECT "movies".* FROM "movies"
  Rendered movies/index.html.erb within layouts/application (2.1ms)
  Rendered layouts/_flash.erb (0.0ms)
Completed 200 OK in 9ms (Views: 8.1ms | ActiveRecord: 0.2ms)


Started GET "/movies/1" for 124.123.185.199 at 2021-03-13 14:44:16 +0000
Processing by MoviesController#show as HTML
  Parameters: {"id"=>"1"}
  [1m[36mMovie Load (0.1ms)[0m  [1mSELECT  "movies".* FROM "movies" WHERE "movies"."id" = ? LIMIT 1[0m  [["id", 1]]
  [1m[35mClassdetail Load (0.1ms)[0m  SELECT  "classdetails".* FROM "classdetails" WHERE "classdetails"."number" = ? LIMIT 1  [["number", "COMS W1004"]]
  Rendered movies/show.html.erb within layouts/application (0.8ms)
  Rendered layouts/_flash.erb (0.0ms)
Completed 200 OK in 9ms (Views: 7.7ms | ActiveRecord: 0.2ms)


Started GET "/assets/application.self-472a7a53d855f712b0f5b83922cdb749a46aa8d5ca61396d85845db945e1e75e.css?body=1" for 124.123.185.199 at 2021-03-13 14:44:16 +0000


Started GET "/movies" for 124.123.185.199 at 2021-03-13 14:44:36 +0000
Processing by MoviesController#index as HTML
  [1m[36mMovie Load (0.2ms)[0m  [1mSELECT "movies".* FROM "movies"[0m
  Rendered movies/index.html.erb within layouts/application (1.5ms)
  Rendered layouts/_flash.erb (0.0ms)
Completed 200 OK in 7ms (Views: 6.7ms | ActiveRecord: 0.2ms)
